<?xml version="1.0" encoding="UTF-8"?>
<!-- Generated by org.testng.reporters.JUnitXMLReporter -->
<testsuite hostname="Akshit" ignored="0" name="Command line test" tests="1" failures="1" timestamp="2023-02-09T20:56:23 GMT" time="0.089" errors="0">
  <testcase name="test" time="0.002" classname="uk.co.library.testsuite.JobSearchTest">
    <failure type="java.lang.NullPointerException">
      <![CDATA[java.lang.NullPointerException
at uk.co.library.testsuite.JobSearchTest.test(JobSearchTest.java:19)
at java.util.ArrayList.forEach(ArrayList.java:1249)
... Removed 37 stack frames]]>
    </failure>
  </testcase> <!-- test -->
</testsuite> <!-- Command line test -->
