-------------------------------------------------------------------------------
Test set: TestSuite
-------------------------------------------------------------------------------
Tests run: 2, Failures: 1, Errors: 0, Skipped: 0, Time elapsed: 1.022 sec <<< FAILURE!
test(uk.co.library.testsuite.JobSearchTest)  Time elapsed: 0.007 sec  <<< FAILURE!
java.lang.NullPointerException
	at uk.co.library.testsuite.JobSearchTest.test(JobSearchTest.java:19)

